<?xml version="1.0" encoding="UTF-8"?>
<!-- Generated by org.testng.reporters.JUnitReportReporter -->
<testsuite hostname="Lenovo-PC" failures="0" tests="1" name="org.example.HomePage" time="8.284" errors="0" timestamp="15 May 2020 11:31:10 GMT" skipped="0">
  <testcase classname="org.example.HomePage" name="navigateToHomePage" time="8.284"/>
</testsuite> <!-- org.example.HomePage -->
