<?xml version="1.0" encoding="UTF-8"?>
<!-- Generated by org.testng.reporters.JUnitReportReporter -->
<testsuite hostname="Lenovo-PC" failures="0" tests="1" name="org.example.CheckOutPage" time="5.450" errors="0" timestamp="01 May 2020 10:00:03 GMT" skipped="0">
  <testcase classname="org.example.CheckOutPage" name="applyPromo" time="5.450"/>
</testsuite> <!-- org.example.CheckOutPage -->
